# JRE version: OpenJDK Runtime Environment (8.0_152-b01) (build 1.8.0_152-release-1248-b01)
# Java VM: OpenJDK 64-Bit Server VM (25.152-b01 mixed mode windows-amd64 compressed oops)
Heap:
 PSYoungGen      total 387072K, used 174791K [0x00000000e0000000, 0x0000000100000000, 0x0000000100000000)
  eden space 312320K, 39% used [0x00000000e0000000,0x00000000e78f8ba8,0x00000000f3100000)
  from space 74752K, 68% used [0x00000000f3100000,0x00000000f62b9220,0x00000000f7a00000)
  to   space 78336K, 0% used [0x00000000fb380000,0x00000000fb380000,0x0000000100000000)
 ParOldGen       total 211968K, used 64116K [0x00000000a0000000, 0x00000000acf00000, 0x00000000e0000000)
  object space 211968K, 30% used [0x00000000a0000000,0x00000000a3e9d038,0x00000000acf00000)
 Metaspace       used 84797K, capacity 87498K, committed 98600K, reserved 1136640K
  class space    used 9765K, capacity 10376K, committed 11952K, reserved 1048576K
GC Heap History (10 events):
Event: 1751.536 GC heap before
{Heap before GC invocations=24 (full 4):
 PSYoungGen      total 288768K, used 256077K [0x00000000e0000000, 0x00000000f6400000, 0x0000000100000000)
  eden space 249344K, 99% used [0x00000000e0000000,0x00000000ef2d8a70,0x00000000ef380000)
  from space 39424K, 18% used [0x00000000ef380000,0x00000000efabaa50,0x00000000f1a00000)
  to   space 38912K, 0% used [0x00000000f3e00000,0x00000000f3e00000,0x00000000f6400000)
 ParOldGen       total 144896K, used 81899K [0x00000000a0000000, 0x00000000a8d80000, 0x00000000e0000000)
  object space 144896K, 56% used [0x00000000a0000000,0x00000000a4ffac38,0x00000000a8d80000)
 Metaspace       used 83321K, capacity 86142K, committed 86296K, reserved 1126400K
  class space    used 9589K, capacity 10262K, committed 10288K, reserved 1048576K
Event: 1751.558 GC heap after
Heap after GC invocations=24 (full 4):
 PSYoungGen      total 325632K, used 22405K [0x00000000e0000000, 0x00000000f6580000, 0x0000000100000000)
  eden space 286720K, 0% used [0x00000000e0000000,0x00000000e0000000,0x00000000f1800000)
  from space 38912K, 57% used [0x00000000f3e00000,0x00000000f53e1508,0x00000000f6400000)
  to   space 38912K, 0% used [0x00000000f1800000,0x00000000f1800000,0x00000000f3e00000)
 ParOldGen       total 144896K, used 81907K [0x00000000a0000000, 0x00000000a8d80000, 0x00000000e0000000)
  object space 144896K, 56% used [0x00000000a0000000,0x00000000a4ffcc38,0x00000000a8d80000)
 Metaspace       used 83321K, capacity 86142K, committed 86296K, reserved 1126400K
  class space    used 9589K, capacity 10262K, committed 10288K, reserved 1048576K
}
Event: 1753.865 GC heap before
{Heap before GC invocations=25 (full 4):
 PSYoungGen      total 325632K, used 309125K [0x00000000e0000000, 0x00000000f6580000, 0x0000000100000000)
  eden space 286720K, 100% used [0x00000000e0000000,0x00000000f1800000,0x00000000f1800000)
  from space 38912K, 57% used [0x00000000f3e00000,0x00000000f53e1508,0x00000000f6400000)
  to   space 38912K, 0% used [0x00000000f1800000,0x00000000f1800000,0x00000000f3e00000)
 ParOldGen       total 144896K, used 81907K [0x00000000a0000000, 0x00000000a8d80000, 0x00000000e0000000)
  object space 144896K, 56% used [0x00000000a0000000,0x00000000a4ffcc38,0x00000000a8d80000)
 Metaspace       used 94061K, capacity 97366K, committed 97560K, reserved 1134592K
  class space    used 11037K, capacity 11810K, committed 11824K, reserved 1048576K
Event: 1753.908 GC heap after
Heap after GC invocations=25 (full 4):
 PSYoungGen      total 325632K, used 38892K [0x00000000e0000000, 0x00000000fae00000, 0x0000000100000000)
  eden space 286720K, 0% used [0x00000000e0000000,0x00000000e0000000,0x00000000f1800000)
  from space 38912K, 99% used [0x00000000f1800000,0x00000000f3dfb128,0x00000000f3e00000)
  to   space 53248K, 0% used [0x00000000f7a00000,0x00000000f7a00000,0x00000000fae00000)
 ParOldGen       total 144896K, used 104116K [0x00000000a0000000, 0x00000000a8d80000, 0x00000000e0000000)
  object space 144896K, 71% used [0x00000000a0000000,0x00000000a65ad320,0x00000000a8d80000)
 Metaspace       used 94061K, capacity 97366K, committed 97560K, reserved 1134592K
  class space    used 11037K, capacity 11810K, committed 11824K, reserved 1048576K
}
Event: 1756.379 GC heap before
{Heap before GC invocations=26 (full 4):
 PSYoungGen      total 325632K, used 298723K [0x00000000e0000000, 0x00000000fae00000, 0x0000000100000000)
  eden space 286720K, 90% used [0x00000000e0000000,0x00000000efdbde20,0x00000000f1800000)
  from space 38912K, 99% used [0x00000000f1800000,0x00000000f3dfb128,0x00000000f3e00000)
  to   space 53248K, 0% used [0x00000000f7a00000,0x00000000f7a00000,0x00000000fae00000)
 ParOldGen       total 144896K, used 104116K [0x00000000a0000000, 0x00000000a8d80000, 0x00000000e0000000)
  object space 144896K, 71% used [0x00000000a0000000,0x00000000a65ad320,0x00000000a8d80000)
 Metaspace       used 95056K, capacity 98502K, committed 98600K, reserved 1136640K
  class space    used 11133K, capacity 11928K, committed 11952K, reserved 1048576K
Event: 1756.502 GC heap after
Heap after GC invocations=26 (full 4):
 PSYoungGen      total 365568K, used 53229K [0x00000000e0000000, 0x00000000fe480000, 0x0000000100000000)
  eden space 312320K, 0% used [0x00000000e0000000,0x00000000e0000000,0x00000000f3100000)
  from space 53248K, 99% used [0x00000000f7a00000,0x00000000fadfb7c8,0x00000000fae00000)
  to   space 74752K, 0% used [0x00000000f3100000,0x00000000f3100000,0x00000000f7a00000)
 ParOldGen       total 144896K, used 139619K [0x00000000a0000000, 0x00000000a8d80000, 0x00000000e0000000)
  object space 144896K, 96% used [0x00000000a0000000,0x00000000a8858da0,0x00000000a8d80000)
 Metaspace       used 95056K, capacity 98502K, committed 98600K, reserved 1136640K
  class space    used 11133K, capacity 11928K, committed 11952K, reserved 1048576K
}
Event: 1756.502 GC heap before
{Heap before GC invocations=27 (full 5):
 PSYoungGen      total 365568K, used 53229K [0x00000000e0000000, 0x00000000fe480000, 0x0000000100000000)
  eden space 312320K, 0% used [0x00000000e0000000,0x00000000e0000000,0x00000000f3100000)
  from space 53248K, 99% used [0x00000000f7a00000,0x00000000fadfb7c8,0x00000000fae00000)
  to   space 74752K, 0% used [0x00000000f3100000,0x00000000f3100000,0x00000000f7a00000)
 ParOldGen       total 144896K, used 139619K [0x00000000a0000000, 0x00000000a8d80000, 0x00000000e0000000)
  object space 144896K, 96% used [0x00000000a0000000,0x00000000a8858da0,0x00000000a8d80000)
 Metaspace       used 95056K, capacity 98502K, committed 98600K, reserved 1136640K
  class space    used 11133K, capacity 11928K, committed 11952K, reserved 1048576K
Event: 1756.821 GC heap after
Heap after GC invocations=27 (full 5):
 PSYoungGen      total 365568K, used 0K [0x00000000e0000000, 0x00000000fe480000, 0x0000000100000000)
  eden space 312320K, 0% used [0x00000000e0000000,0x00000000e0000000,0x00000000f3100000)
  from space 53248K, 0% used [0x00000000f7a00000,0x00000000f7a00000,0x00000000fae00000)
  to   space 74752K, 0% used [0x00000000f3100000,0x00000000f3100000,0x00000000f7a00000)
 ParOldGen       total 211968K, used 64108K [0x00000000a0000000, 0x00000000acf00000, 0x00000000e0000000)
  object space 211968K, 30% used [0x00000000a0000000,0x00000000a3e9b038,0x00000000acf00000)
 Metaspace       used 81930K, capacity 84572K, committed 98600K, reserved 1136640K
  class space    used 9414K, capacity 10007K, committed 11952K, reserved 1048576K
}
Event: 1759.517 GC heap before
{Heap before GC invocations=28 (full 5):
 PSYoungGen      total 365568K, used 312320K [0x00000000e0000000, 0x00000000fe480000, 0x0000000100000000)
  eden space 312320K, 100% used [0x00000000e0000000,0x00000000f3100000,0x00000000f3100000)
  from space 53248K, 0% used [0x00000000f7a00000,0x00000000f7a00000,0x00000000fae00000)
  to   space 74752K, 0% used [0x00000000f3100000,0x00000000f3100000,0x00000000f7a00000)
 ParOldGen       total 211968K, used 64108K [0x00000000a0000000, 0x00000000acf00000, 0x00000000e0000000)
  object space 211968K, 30% used [0x00000000a0000000,0x00000000a3e9b038,0x00000000acf00000)
 Metaspace       used 84038K, capacity 86704K, committed 98600K, reserved 1136640K
  class space    used 9702K, capacity 10303K, committed 11952K, reserved 1048576K
Event: 1759.566 GC heap after
Heap after GC invocations=28 (full 5):
 PSYoungGen      total 387072K, used 50916K [0x00000000e0000000, 0x0000000100000000, 0x0000000100000000)
  eden space 312320K, 0% used [0x00000000e0000000,0x00000000e0000000,0x00000000f3100000)
  from space 74752K, 68% used [0x00000000f3100000,0x00000000f62b9220,0x00000000f7a00000)
  to   space 78336K, 0% used [0x00000000fb380000,0x00000000fb380000,0x0000000100000000)
 ParOldGen       total 211968K, used 64116K [0x00000000a0000000, 0x00000000acf00000, 0x00000000e0000000)
  object space 211968K, 30% used [0x00000000a0000000,0x00000000a3e9d038,0x00000000acf00000)
 Metaspace       used 84038K, capacity 86704K, committed 98600K, reserved 1136640K
  class space    used 9702K, capacity 10303K, committed 11952K, reserved 1048576K
}

