# JRE version: OpenJDK Runtime Environment (8.0_152-b01) (build 1.8.0_152-release-1248-b01)
# Java VM: OpenJDK 64-Bit Server VM (25.152-b01 mixed mode windows-amd64 compressed oops)
Heap:
 PSYoungGen      total 343040K, used 98274K [0x00000000e0000000, 0x00000000fac80000, 0x0000000100000000)
  eden space 274944K, 11% used [0x00000000e0000000,0x00000000e1fafa80,0x00000000f0c80000)
  from space 68096K, 96% used [0x00000000f5880000,0x00000000f98c8e48,0x00000000f9b00000)
  to   space 77824K, 0% used [0x00000000f0c80000,0x00000000f0c80000,0x00000000f5880000)
 ParOldGen       total 155648K, used 46085K [0x00000000a0000000, 0x00000000a9800000, 0x00000000e0000000)
  object space 155648K, 29% used [0x00000000a0000000,0x00000000a2d01418,0x00000000a9800000)
 Metaspace       used 83246K, capacity 85738K, committed 85888K, reserved 1124352K
  class space    used 9762K, capacity 10302K, committed 10368K, reserved 1048576K
GC Heap History (10 events):
Event: 378.766 GC heap before
{Heap before GC invocations=20 (full 4):
 PSYoungGen      total 212480K, used 211636K [0x00000000e0000000, 0x00000000f3400000, 0x0000000100000000)
  eden space 166400K, 100% used [0x00000000e0000000,0x00000000ea280000,0x00000000ea280000)
  from space 46080K, 98% used [0x00000000ea280000,0x00000000ecead050,0x00000000ecf80000)
  to   space 52736K, 0% used [0x00000000f0080000,0x00000000f0080000,0x00000000f3400000)
 ParOldGen       total 155648K, used 42240K [0x00000000a0000000, 0x00000000a9800000, 0x00000000e0000000)
  object space 155648K, 27% used [0x00000000a0000000,0x00000000a2940048,0x00000000a9800000)
 Metaspace       used 68243K, capacity 69712K, committed 70016K, reserved 1112064K
  class space    used 7932K, capacity 8269K, committed 8320K, reserved 1048576K
Event: 378.799 GC heap after
Heap after GC invocations=20 (full 4):
 PSYoungGen      total 259584K, used 38968K [0x00000000e0000000, 0x00000000f3700000, 0x0000000100000000)
  eden space 206848K, 0% used [0x00000000e0000000,0x00000000e0000000,0x00000000eca00000)
  from space 52736K, 73% used [0x00000000f0080000,0x00000000f268e258,0x00000000f3400000)
  to   space 55808K, 0% used [0x00000000eca00000,0x00000000eca00000,0x00000000f0080000)
 ParOldGen       total 155648K, used 42248K [0x00000000a0000000, 0x00000000a9800000, 0x00000000e0000000)
  object space 155648K, 27% used [0x00000000a0000000,0x00000000a2942048,0x00000000a9800000)
 Metaspace       used 68243K, capacity 69712K, committed 70016K, reserved 1112064K
  class space    used 7932K, capacity 8269K, committed 8320K, reserved 1048576K
}
Event: 380.512 GC heap before
{Heap before GC invocations=21 (full 4):
 PSYoungGen      total 259584K, used 245816K [0x00000000e0000000, 0x00000000f3700000, 0x0000000100000000)
  eden space 206848K, 100% used [0x00000000e0000000,0x00000000eca00000,0x00000000eca00000)
  from space 52736K, 73% used [0x00000000f0080000,0x00000000f268e258,0x00000000f3400000)
  to   space 55808K, 0% used [0x00000000eca00000,0x00000000eca00000,0x00000000f0080000)
 ParOldGen       total 155648K, used 42248K [0x00000000a0000000, 0x00000000a9800000, 0x00000000e0000000)
  object space 155648K, 27% used [0x00000000a0000000,0x00000000a2942048,0x00000000a9800000)
 Metaspace       used 80018K, capacity 82076K, committed 82176K, reserved 1122304K
  class space    used 9489K, capacity 9939K, committed 9984K, reserved 1048576K
Event: 380.559 GC heap after
Heap after GC invocations=21 (full 4):
 PSYoungGen      total 262656K, used 55784K [0x00000000e0000000, 0x00000000f7d80000, 0x0000000100000000)
  eden space 206848K, 0% used [0x00000000e0000000,0x00000000e0000000,0x00000000eca00000)
  from space 55808K, 99% used [0x00000000eca00000,0x00000000f007a0d8,0x00000000f0080000)
  to   space 66048K, 0% used [0x00000000f3d00000,0x00000000f3d00000,0x00000000f7d80000)
 ParOldGen       total 155648K, used 46061K [0x00000000a0000000, 0x00000000a9800000, 0x00000000e0000000)
  object space 155648K, 29% used [0x00000000a0000000,0x00000000a2cfb418,0x00000000a9800000)
 Metaspace       used 80018K, capacity 82076K, committed 82176K, reserved 1122304K
  class space    used 9489K, capacity 9939K, committed 9984K, reserved 1048576K
}
Event: 381.817 GC heap before
{Heap before GC invocations=22 (full 4):
 PSYoungGen      total 262656K, used 262632K [0x00000000e0000000, 0x00000000f7d80000, 0x0000000100000000)
  eden space 206848K, 100% used [0x00000000e0000000,0x00000000eca00000,0x00000000eca00000)
  from space 55808K, 99% used [0x00000000eca00000,0x00000000f007a0d8,0x00000000f0080000)
  to   space 66048K, 0% used [0x00000000f3d00000,0x00000000f3d00000,0x00000000f7d80000)
 ParOldGen       total 155648K, used 46061K [0x00000000a0000000, 0x00000000a9800000, 0x00000000e0000000)
  object space 155648K, 29% used [0x00000000a0000000,0x00000000a2cfb418,0x00000000a9800000)
 Metaspace       used 80660K, capacity 82844K, committed 82944K, reserved 1122304K
  class space    used 9532K, capacity 9981K, committed 9984K, reserved 1048576K
Event: 381.842 GC heap after
Heap after GC invocations=22 (full 4):
 PSYoungGen      total 282624K, used 23837K [0x00000000e0000000, 0x00000000f6600000, 0x0000000100000000)
  eden space 240640K, 0% used [0x00000000e0000000,0x00000000e0000000,0x00000000eeb00000)
  from space 41984K, 56% used [0x00000000f3d00000,0x00000000f5447658,0x00000000f6600000)
  to   space 62976K, 0% used [0x00000000eeb00000,0x00000000eeb00000,0x00000000f2880000)
 ParOldGen       total 155648K, used 46069K [0x00000000a0000000, 0x00000000a9800000, 0x00000000e0000000)
  object space 155648K, 29% used [0x00000000a0000000,0x00000000a2cfd418,0x00000000a9800000)
 Metaspace       used 80660K, capacity 82844K, committed 82944K, reserved 1122304K
  class space    used 9532K, capacity 9981K, committed 9984K, reserved 1048576K
}
Event: 382.972 GC heap before
{Heap before GC invocations=23 (full 4):
 PSYoungGen      total 282624K, used 264477K [0x00000000e0000000, 0x00000000f6600000, 0x0000000100000000)
  eden space 240640K, 100% used [0x00000000e0000000,0x00000000eeb00000,0x00000000eeb00000)
  from space 41984K, 56% used [0x00000000f3d00000,0x00000000f5447658,0x00000000f6600000)
  to   space 62976K, 0% used [0x00000000eeb00000,0x00000000eeb00000,0x00000000f2880000)
 ParOldGen       total 155648K, used 46069K [0x00000000a0000000, 0x00000000a9800000, 0x00000000e0000000)
  object space 155648K, 29% used [0x00000000a0000000,0x00000000a2cfd418,0x00000000a9800000)
 Metaspace       used 80913K, capacity 83156K, committed 83328K, reserved 1122304K
  class space    used 9541K, capacity 10015K, committed 10112K, reserved 1048576K
Event: 383.025 GC heap after
Heap after GC invocations=23 (full 4):
 PSYoungGen      total 303616K, used 50363K [0x00000000e0000000, 0x00000000f9b00000, 0x0000000100000000)
  eden space 240640K, 0% used [0x00000000e0000000,0x00000000e0000000,0x00000000eeb00000)
  from space 62976K, 79% used [0x00000000eeb00000,0x00000000f1c2ed30,0x00000000f2880000)
  to   space 68096K, 0% used [0x00000000f5880000,0x00000000f5880000,0x00000000f9b00000)
 ParOldGen       total 155648K, used 46077K [0x00000000a0000000, 0x00000000a9800000, 0x00000000e0000000)
  object space 155648K, 29% used [0x00000000a0000000,0x00000000a2cff418,0x00000000a9800000)
 Metaspace       used 80913K, capacity 83156K, committed 83328K, reserved 1122304K
  class space    used 9541K, capacity 10015K, committed 10112K, reserved 1048576K
}
Event: 386.125 GC heap before
{Heap before GC invocations=24 (full 4):
 PSYoungGen      total 303616K, used 291003K [0x00000000e0000000, 0x00000000f9b00000, 0x0000000100000000)
  eden space 240640K, 100% used [0x00000000e0000000,0x00000000eeb00000,0x00000000eeb00000)
  from space 62976K, 79% used [0x00000000eeb00000,0x00000000f1c2ed30,0x00000000f2880000)
  to   space 68096K, 0% used [0x00000000f5880000,0x00000000f5880000,0x00000000f9b00000)
 ParOldGen       total 155648K, used 46077K [0x00000000a0000000, 0x00000000a9800000, 0x00000000e0000000)
  object space 155648K, 29% used [0x00000000a0000000,0x00000000a2cff418,0x00000000a9800000)
 Metaspace       used 83136K, capacity 85668K, committed 85888K, reserved 1124352K
  class space    used 9756K, capacity 10301K, committed 10368K, reserved 1048576K
Event: 386.187 GC heap after
Heap after GC invocations=24 (full 4):
 PSYoungGen      total 343040K, used 65827K [0x00000000e0000000, 0x00000000fac80000, 0x0000000100000000)
  eden space 274944K, 0% used [0x00000000e0000000,0x00000000e0000000,0x00000000f0c80000)
  from space 68096K, 96% used [0x00000000f5880000,0x00000000f98c8e48,0x00000000f9b00000)
  to   space 77824K, 0% used [0x00000000f0c80000,0x00000000f0c80000,0x00000000f5880000)
 ParOldGen       total 155648K, used 46085K [0x00000000a0000000, 0x00000000a9800000, 0x00000000e0000000)
  object space 155648K, 29% used [0x00000000a0000000,0x00000000a2d01418,0x00000000a9800000)
 Metaspace       used 83136K, capacity 85668K, committed 85888K, reserved 1124352K
  class space    used 9756K, capacity 10301K, committed 10368K, reserved 1048576K
}

