# JRE version: OpenJDK Runtime Environment (8.0_152-b01) (build 1.8.0_152-release-1248-b01)
# Java VM: OpenJDK 64-Bit Server VM (25.152-b01 mixed mode windows-amd64 compressed oops)
Heap:
 PSYoungGen      total 203776K, used 142274K [0x00000000e0000000, 0x00000000eef80000, 0x0000000100000000)
  eden space 162304K, 75% used [0x00000000e0000000,0x00000000e76e4a48,0x00000000e9e80000)
  from space 41472K, 49% used [0x00000000e9e80000,0x00000000eb28bec8,0x00000000ec700000)
  to   space 35840K, 0% used [0x00000000ecc80000,0x00000000ecc80000,0x00000000eef80000)
 ParOldGen       total 163328K, used 50041K [0x00000000a0000000, 0x00000000a9f80000, 0x00000000e0000000)
  object space 163328K, 30% used [0x00000000a0000000,0x00000000a30de6e8,0x00000000a9f80000)
 Metaspace       used 68694K, capacity 70450K, committed 70696K, reserved 1112064K
  class space    used 8081K, capacity 8480K, committed 8488K, reserved 1048576K
GC Heap History (10 events):
Event: 9.723 GC heap before
{Heap before GC invocations=15 (full 3):
 PSYoungGen      total 132096K, used 132070K [0x00000000e0000000, 0x00000000ec400000, 0x0000000100000000)
  eden space 101888K, 100% used [0x00000000e0000000,0x00000000e6380000,0x00000000e6380000)
  from space 30208K, 99% used [0x00000000e6380000,0x00000000e80f9ac8,0x00000000e8100000)
  to   space 35328K, 0% used [0x00000000ea180000,0x00000000ea180000,0x00000000ec400000)
 ParOldGen       total 105984K, used 34411K [0x00000000a0000000, 0x00000000a6780000, 0x00000000e0000000)
  object space 105984K, 32% used [0x00000000a0000000,0x00000000a219af58,0x00000000a6780000)
 Metaspace       used 57209K, capacity 58322K, committed 58664K, reserved 1101824K
  class space    used 6912K, capacity 7180K, committed 7208K, reserved 1048576K
Event: 9.776 GC heap after
Heap after GC invocations=15 (full 3):
 PSYoungGen      total 157696K, used 35327K [0x00000000e0000000, 0x00000000ed780000, 0x0000000100000000)
  eden space 122368K, 0% used [0x00000000e0000000,0x00000000e0000000,0x00000000e7780000)
  from space 35328K, 99% used [0x00000000ea180000,0x00000000ec3ffd80,0x00000000ec400000)
  to   space 43008K, 0% used [0x00000000e7780000,0x00000000e7780000,0x00000000ea180000)
 ParOldGen       total 105984K, used 41005K [0x00000000a0000000, 0x00000000a6780000, 0x00000000e0000000)
  object space 105984K, 38% used [0x00000000a0000000,0x00000000a280b428,0x00000000a6780000)
 Metaspace       used 57209K, capacity 58322K, committed 58664K, reserved 1101824K
  class space    used 6912K, capacity 7180K, committed 7208K, reserved 1048576K
}
Event: 10.085 GC heap before
{Heap before GC invocations=16 (full 3):
 PSYoungGen      total 157696K, used 57877K [0x00000000e0000000, 0x00000000ed780000, 0x0000000100000000)
  eden space 122368K, 18% used [0x00000000e0000000,0x00000000e1605790,0x00000000e7780000)
  from space 35328K, 99% used [0x00000000ea180000,0x00000000ec3ffd80,0x00000000ec400000)
  to   space 43008K, 0% used [0x00000000e7780000,0x00000000e7780000,0x00000000ea180000)
 ParOldGen       total 105984K, used 41005K [0x00000000a0000000, 0x00000000a6780000, 0x00000000e0000000)
  object space 105984K, 38% used [0x00000000a0000000,0x00000000a280b428,0x00000000a6780000)
 Metaspace       used 57732K, capacity 58820K, committed 59160K, reserved 1101824K
  class space    used 6939K, capacity 7213K, committed 7336K, reserved 1048576K
Event: 10.113 GC heap after
Heap after GC invocations=16 (full 3):
 PSYoungGen      total 165376K, used 24584K [0x00000000e0000000, 0x00000000ef680000, 0x0000000100000000)
  eden space 122368K, 0% used [0x00000000e0000000,0x00000000e0000000,0x00000000e7780000)
  from space 43008K, 57% used [0x00000000e7780000,0x00000000e8f82318,0x00000000ea180000)
  to   space 43008K, 0% used [0x00000000ecc80000,0x00000000ecc80000,0x00000000ef680000)
 ParOldGen       total 105984K, used 53371K [0x00000000a0000000, 0x00000000a6780000, 0x00000000e0000000)
  object space 105984K, 50% used [0x00000000a0000000,0x00000000a341ee40,0x00000000a6780000)
 Metaspace       used 57732K, capacity 58820K, committed 59160K, reserved 1101824K
  class space    used 6939K, capacity 7213K, committed 7336K, reserved 1048576K
}
Event: 10.113 GC heap before
{Heap before GC invocations=17 (full 4):
 PSYoungGen      total 165376K, used 24584K [0x00000000e0000000, 0x00000000ef680000, 0x0000000100000000)
  eden space 122368K, 0% used [0x00000000e0000000,0x00000000e0000000,0x00000000e7780000)
  from space 43008K, 57% used [0x00000000e7780000,0x00000000e8f82318,0x00000000ea180000)
  to   space 43008K, 0% used [0x00000000ecc80000,0x00000000ecc80000,0x00000000ef680000)
 ParOldGen       total 105984K, used 53371K [0x00000000a0000000, 0x00000000a6780000, 0x00000000e0000000)
  object space 105984K, 50% used [0x00000000a0000000,0x00000000a341ee40,0x00000000a6780000)
 Metaspace       used 57732K, capacity 58820K, committed 59160K, reserved 1101824K
  class space    used 6939K, capacity 7213K, committed 7336K, reserved 1048576K
Event: 10.330 GC heap after
Heap after GC invocations=17 (full 4):
 PSYoungGen      total 165376K, used 0K [0x00000000e0000000, 0x00000000ef680000, 0x0000000100000000)
  eden space 122368K, 0% used [0x00000000e0000000,0x00000000e0000000,0x00000000e7780000)
  from space 43008K, 0% used [0x00000000e7780000,0x00000000e7780000,0x00000000ea180000)
  to   space 43008K, 0% used [0x00000000ecc80000,0x00000000ecc80000,0x00000000ef680000)
 ParOldGen       total 163328K, used 50025K [0x00000000a0000000, 0x00000000a9f80000, 0x00000000e0000000)
  object space 163328K, 30% used [0x00000000a0000000,0x00000000a30da6e8,0x00000000a9f80000)
 Metaspace       used 57732K, capacity 58820K, committed 59160K, reserved 1101824K
  class space    used 6939K, capacity 7213K, committed 7336K, reserved 1048576K
}
Event: 13.085 GC heap before
{Heap before GC invocations=18 (full 4):
 PSYoungGen      total 165376K, used 122368K [0x00000000e0000000, 0x00000000ef680000, 0x0000000100000000)
  eden space 122368K, 100% used [0x00000000e0000000,0x00000000e7780000,0x00000000e7780000)
  from space 43008K, 0% used [0x00000000e7780000,0x00000000e7780000,0x00000000ea180000)
  to   space 43008K, 0% used [0x00000000ecc80000,0x00000000ecc80000,0x00000000ef680000)
 ParOldGen       total 163328K, used 50025K [0x00000000a0000000, 0x00000000a9f80000, 0x00000000e0000000)
  object space 163328K, 30% used [0x00000000a0000000,0x00000000a30da6e8,0x00000000a9f80000)
 Metaspace       used 62726K, capacity 63998K, committed 64296K, reserved 1105920K
  class space    used 7566K, capacity 7880K, committed 7976K, reserved 1048576K
Event: 13.101 GC heap after
Heap after GC invocations=18 (full 4):
 PSYoungGen      total 198144K, used 14419K [0x00000000e0000000, 0x00000000eef80000, 0x0000000100000000)
  eden space 162304K, 0% used [0x00000000e0000000,0x00000000e0000000,0x00000000e9e80000)
  from space 35840K, 40% used [0x00000000ecc80000,0x00000000eda94ea8,0x00000000eef80000)
  to   space 41472K, 0% used [0x00000000e9e80000,0x00000000e9e80000,0x00000000ec700000)
 ParOldGen       total 163328K, used 50033K [0x00000000a0000000, 0x00000000a9f80000, 0x00000000e0000000)
  object space 163328K, 30% used [0x00000000a0000000,0x00000000a30dc6e8,0x00000000a9f80000)
 Metaspace       used 62726K, capacity 63998K, committed 64296K, reserved 1105920K
  class space    used 7566K, capacity 7880K, committed 7976K, reserved 1048576K
}
Event: 16.615 GC heap before
{Heap before GC invocations=19 (full 4):
 PSYoungGen      total 198144K, used 176723K [0x00000000e0000000, 0x00000000eef80000, 0x0000000100000000)
  eden space 162304K, 100% used [0x00000000e0000000,0x00000000e9e80000,0x00000000e9e80000)
  from space 35840K, 40% used [0x00000000ecc80000,0x00000000eda94ea8,0x00000000eef80000)
  to   space 41472K, 0% used [0x00000000e9e80000,0x00000000e9e80000,0x00000000ec700000)
 ParOldGen       total 163328K, used 50033K [0x00000000a0000000, 0x00000000a9f80000, 0x00000000e0000000)
  object space 163328K, 30% used [0x00000000a0000000,0x00000000a30dc6e8,0x00000000a9f80000)
 Metaspace       used 64612K, capacity 66232K, committed 66472K, reserved 1107968K
  class space    used 7728K, capacity 8099K, committed 8104K, reserved 1048576K
Event: 16.650 GC heap after
Heap after GC invocations=19 (full 4):
 PSYoungGen      total 203776K, used 20527K [0x00000000e0000000, 0x00000000eef80000, 0x0000000100000000)
  eden space 162304K, 0% used [0x00000000e0000000,0x00000000e0000000,0x00000000e9e80000)
  from space 41472K, 49% used [0x00000000e9e80000,0x00000000eb28bec8,0x00000000ec700000)
  to   space 35840K, 0% used [0x00000000ecc80000,0x00000000ecc80000,0x00000000eef80000)
 ParOldGen       total 163328K, used 50041K [0x00000000a0000000, 0x00000000a9f80000, 0x00000000e0000000)
  object space 163328K, 30% used [0x00000000a0000000,0x00000000a30de6e8,0x00000000a9f80000)
 Metaspace       used 64612K, capacity 66232K, committed 66472K, reserved 1107968K
  class space    used 7728K, capacity 8099K, committed 8104K, reserved 1048576K
}

